root - INFO - CSV file initialized.
root - INFO - Cannot read from camera
root - INFO - Live video processing ended.
root - INFO - CSV file closed.
root - INFO - CSV file initialized.
root - INFO - Frame 98: Aruco ID 1 detected with distance 2.2702284282433256, yaw angle -5.29950670565259, pitch angle 89.64993562535561, roll angle 9.47227118434089.
root - INFO - Frame 99: Aruco ID 1 detected with distance 2.2201395465781406, yaw angle -5.280628167359879, pitch angle 88.7408759301332, roll angle 13.089819228154386.
root - INFO - Frame 100: Aruco ID 1 detected with distance 2.2129873721215896, yaw angle -5.290596073601677, pitch angle 87.67847550340625, roll angle 16.21028262972194.
root - INFO - Frame 101: Aruco ID 1 detected with distance 2.1977887659335, yaw angle -5.281335914494775, pitch angle 86.66742251368844, roll angle 19.22932756159765.
root - INFO - Frame 102: Aruco ID 1 detected with distance 2.177031440283958, yaw angle -5.290858114282798, pitch angle 87.77925569146429, roll angle 18.49457137204398.
root - INFO - Frame 103: Aruco ID 1 detected with distance 2.1263158724256104, yaw angle -5.271778737688152, pitch angle 88.39328375906553, roll angle 17.77749754204327.
root - INFO - Frame 104: Aruco ID 1 detected with distance 2.1404319655147543, yaw angle -5.291070273278848, pitch angle 87.85600324703645, roll angle 20.69866904943395.
root - INFO - Frame 105: Aruco ID 1 detected with distance 2.2381939633032193, yaw angle -5.300022837581906, pitch angle 88.29897533392744, roll angle 16.598229745789226.
root - INFO - Frame 106: Aruco ID 1 detected with distance 2.204292993568782, yaw angle -5.309850285186599, pitch angle 87.79867109563808, roll angle 20.91965465488993.
root - INFO - Frame 108: Aruco ID 1 detected with distance 2.1871622294896857, yaw angle -5.375929912821022, pitch angle 88.87719152731052, roll angle 15.586211825903263.
root - INFO - Frame 109: Aruco ID 1 detected with distance 2.0962590739153146, yaw angle -5.366554779786355, pitch angle 88.51548575267049, roll angle 19.447042676771023.
root - INFO - Frame 110: Aruco ID 1 detected with distance 2.3221195912779113, yaw angle -5.333951645858974, pitch angle 87.17282610631946, roll angle -21.3117269798723.
root - INFO - Frame 111: Aruco ID 1 detected with distance 2.220708598540756, yaw angle -5.3335834837494644, pitch angle 85.21371591296824, roll angle -24.455967099428463.
root - INFO - Frame 112: Aruco ID 1 detected with distance 2.2201866821205196, yaw angle -5.346643312671773, pitch angle 87.91405635697829, roll angle 10.18631637988945.
root - INFO - Frame 113: Aruco ID 1 detected with distance 2.217350846557292, yaw angle -5.352428099619203, pitch angle 84.19668723697991, roll angle -24.392776139410717.
root - INFO - Frame 114: Aruco ID 1 detected with distance 2.27799124765167, yaw angle -5.356618586983188, pitch angle 88.22995846068734, roll angle 13.921471999340412.
root - INFO - Frame 115: Aruco ID 1 detected with distance 2.2367779266700936, yaw angle -5.356948304904307, pitch angle 86.6027788120929, roll angle 16.667862009746386.
root - INFO - Frame 116: Aruco ID 1 detected with distance 2.253230974152054, yaw angle -5.35625044247368, pitch angle 88.4923475198805, roll angle 10.066145049467236.
root - INFO - Frame 117: Aruco ID 1 detected with distance 2.2466892598076176, yaw angle -5.3757911876236335, pitch angle 86.82252819006133, roll angle 16.27929954409088.
root - INFO - Frame 118: Aruco ID 1 detected with distance 2.249969558295194, yaw angle -5.422087464733153, pitch angle 87.99248016394961, roll angle 6.8223740184859265.
root - INFO - Frame 119: Aruco ID 1 detected with distance 2.176362453786032, yaw angle -5.4234672617944, pitch angle 86.15605505342171, roll angle 18.532373578047903.
root - INFO - Frame 120: Aruco ID 1 detected with distance 2.280630907151873, yaw angle -5.457057366196125, pitch angle 85.33128613314985, roll angle -22.000992056026487.
root - INFO - Frame 121: Aruco ID 1 detected with distance 2.2448304987423136, yaw angle -5.47621222385817, pitch angle 84.27767000251562, roll angle -19.024321191423173.
root - INFO - Frame 122: Aruco ID 1 detected with distance 2.249874222273363, yaw angle -5.498481512698476, pitch angle 85.96712043190202, roll angle 13.345932309326427.
root - INFO - Frame 123: Aruco ID 1 detected with distance 2.288451241050563, yaw angle -5.517074103407765, pitch angle 87.64988670124549, roll angle 10.163562143444436.
root - INFO - Frame 124: Aruco ID 1 detected with distance 2.2138088193163172, yaw angle -5.517780867555132, pitch angle 86.10108765334726, roll angle 16.146746051478154.
root - INFO - Frame 125: Aruco ID 1 detected with distance 2.393702033081905, yaw angle -5.554418622907576, pitch angle 87.12978392181361, roll angle -3.6808245774957875.
root - INFO - Frame 126: Aruco ID 1 detected with distance 2.4622249414080737, yaw angle -5.583956844884739, pitch angle 89.27194644160033, roll angle 0.5485528214906852.
root - INFO - Frame 127: Aruco ID 1 detected with distance 2.251262096693668, yaw angle -5.574119208566572, pitch angle 86.02252744739471, roll angle 13.225123223744294.
root - INFO - Frame 128: Aruco ID 1 detected with distance 2.2231653095748287, yaw angle -5.60768084069278, pitch angle 84.84302438955834, roll angle -26.898981943546108.
root - INFO - Frame 129: Aruco ID 1 detected with distance 2.283766642640417, yaw angle -5.621304555195763, pitch angle 85.0767907991973, roll angle 13.51475965666915.
root - INFO - Frame 130: Aruco ID 1 detected with distance 2.356970376424409, yaw angle -5.649344415092884, pitch angle 87.33519989607841, roll angle 10.40421979568322.
root - INFO - Frame 131: Aruco ID 1 detected with distance 2.3133738963223616, yaw angle -5.668548843325112, pitch angle 85.7019957646165, roll angle 13.724550612470308.
root - INFO - Frame 132: Aruco ID 1 detected with distance 2.2688678150132047, yaw angle -5.697467746366385, pitch angle 86.28038235347941, roll angle 18.828923565931404.
root - INFO - Frame 133: Aruco ID 1 detected with distance 2.431533126177157, yaw angle -5.715029573384157, pitch angle 89.43016621715205, roll angle -5.262918704051834.
root - INFO - Frame 134: Aruco ID 1 detected with distance 2.290213293780331, yaw angle -5.753346424383835, pitch angle 86.94783446536626, roll angle 13.118176393516933.
root - INFO - Frame 135: Aruco ID 1 detected with distance 2.2523096381241086, yaw angle -5.7491639091443005, pitch angle 84.37159922356892, roll angle -27.385499613354494.
root - INFO - Frame 136: Aruco ID 1 detected with distance 2.3659666099344796, yaw angle -5.7593126566517014, pitch angle 85.11700813564262, roll angle -21.52186078722633.
root - INFO - Frame 142: Aruco ID 1 detected with distance 2.4122737672237102, yaw angle -5.73073239015423, pitch angle 90.35136633540662, roll angle -8.414362495550682.
root - INFO - Frame 143: Aruco ID 1 detected with distance 2.376343649977923, yaw angle -5.760887224355088, pitch angle 89.46432316955094, roll angle 9.031287387293656.
root - INFO - Frame 144: Aruco ID 1 detected with distance 2.4602263568134415, yaw angle -5.7327468171658325, pitch angle 89.53142536124605, roll angle -0.38421647423292166.
root - INFO - Frame 145: Aruco ID 1 detected with distance 2.4162165553057986, yaw angle -5.732701115152054, pitch angle 92.69949310136164, roll angle 8.275404242388344.
root - INFO - Frame 146: Aruco ID 1 detected with distance 2.3055311211902545, yaw angle -5.714899493434245, pitch angle 90.27915639880506, roll angle 16.967144810727348.
root - INFO - Frame 148: Aruco ID 1 detected with distance 2.267551657468872, yaw angle -5.620791337920167, pitch angle 91.38982048724928, roll angle 14.221431974788683.
root - INFO - Frame 149: Aruco ID 1 detected with distance 2.2643915099026155, yaw angle -5.564392384818603, pitch angle 91.03725780473964, roll angle 14.737745791020869.
root - INFO - Frame 150: Aruco ID 1 detected with distance 2.2640002558071086, yaw angle -5.535934614062512, pitch angle 89.78492301728211, roll angle 12.263815616131597.
root - INFO - Frame 151: Aruco ID 1 detected with distance 2.365833601280874, yaw angle -5.535720557826835, pitch angle 91.15305973891584, roll angle 9.584077204355324.
root - INFO - Frame 152: Aruco ID 1 detected with distance 2.432263784856214, yaw angle -5.506208069688483, pitch angle 90.09736948332042, roll angle -6.795501518332318.
root - INFO - Frame 153: Aruco ID 1 detected with distance 2.3340928384565487, yaw angle -5.507351345700755, pitch angle 90.97620048587652, roll angle 8.938026137294374.
root - INFO - Frame 154: Aruco ID 1 detected with distance 2.3681926154225814, yaw angle -5.460284367526953, pitch angle 91.87765184738683, roll angle 9.123195915375222.
root - INFO - Frame 155: Aruco ID 1 detected with distance 2.225977241918093, yaw angle -5.418789854684832, pitch angle 86.86397973669024, roll angle -26.314466889349106.
root - INFO - Frame 156: Aruco ID 1 detected with distance 2.331582600205309, yaw angle -5.4222322707514365, pitch angle 89.62804643550203, roll angle 5.468710893522535.
root - INFO - Frame 157: Aruco ID 1 detected with distance 2.290519439792815, yaw angle -5.412858293447954, pitch angle 90.91944113201266, roll angle 5.807644955650819.
root - INFO - Frame 158: Aruco ID 1 detected with distance 2.330823223407662, yaw angle -5.403375292554841, pitch angle 91.45604557778316, roll angle 5.246201442936046.
root - INFO - Frame 159: Aruco ID 1 detected with distance 2.326168400645179, yaw angle -5.403410033323354, pitch angle 91.8753692202683, roll angle 5.604339179623201.
root - INFO - Frame 160: Aruco ID 1 detected with distance 2.332743964786826, yaw angle -5.413234455169203, pitch angle 90.54417039629033, roll angle 9.305051046293082.
root - INFO - Frame 161: Aruco ID 1 detected with distance 2.290519439792815, yaw angle -5.412858293447954, pitch angle 90.91944113201266, roll angle 5.807644955650819.
root - INFO - Frame 162: Aruco ID 1 detected with distance 2.3657546362773214, yaw angle -5.412837740184642, pitch angle 91.90862069372638, roll angle 5.314876860552207.
root - INFO - Frame 163: Aruco ID 1 detected with distance 2.319457167264498, yaw angle -5.404178879064602, pitch angle 87.5518240864662, roll angle 13.48286341443409.
root - INFO - Frame 164: Aruco ID 1 detected with distance 2.3646042254869335, yaw angle -5.40275829503571, pitch angle 91.00761632955114, roll angle -0.5703251839394062.
root - INFO - Frame 165: Aruco ID 1 detected with distance 2.2926471454518196, yaw angle -5.394646545712618, pitch angle 86.96520433941937, roll angle 12.920410468340632.
root - INFO - Frame 166: Aruco ID 1 detected with distance 2.2964915129534456, yaw angle -5.381743442347329, pitch angle 86.81676524792071, roll angle -20.453155798654677.
root - INFO - Frame 167: Aruco ID 1 detected with distance 2.33104510200025, yaw angle -5.394352645832015, pitch angle 90.5318960635714, roll angle 9.307330650421392.
root - INFO - Frame 168: Aruco ID 1 detected with distance 2.367050671282085, yaw angle -5.393924373399045, pitch angle 90.55716047321258, roll angle 5.268312153970696.
root - INFO - Frame 169: Aruco ID 1 detected with distance 2.2963250708838125, yaw angle -5.4037275865399295, pitch angle 88.12234934541596, roll angle 9.632186477620515.
root - INFO - Frame 170: Aruco ID 1 detected with distance 2.3175285808523864, yaw angle -5.393441511692771, pitch angle 90.6603620987605, roll angle 1.008682651181739.
root - INFO - Frame 171: Aruco ID 1 detected with distance 2.3105223456626027, yaw angle -5.394607285378953, pitch angle 89.80151448664243, roll angle 11.192585124624738.
root - INFO - Frame 172: Aruco ID 1 detected with distance 2.3267132770728027, yaw angle -5.394417657904228, pitch angle 90.179395912326, roll angle 9.650156098493172.
root - INFO - Frame 173: Aruco ID 1 detected with distance 2.3268976461695967, yaw angle -5.39440253511853, pitch angle 90.18261591381741, roll angle 9.637867990745843.
root - INFO - Frame 174: Aruco ID 1 detected with distance 2.452372361640182, yaw angle -5.394872263062894, pitch angle 89.47093011771065, roll angle -0.06503760886470153.
root - INFO - Frame 175: Aruco ID 1 detected with distance 2.357613807208101, yaw angle -5.402908399409824, pitch angle 91.58347558566382, roll angle 0.7462320912213235.
root - INFO - Frame 176: Aruco ID 1 detected with distance 2.366795951842108, yaw angle -5.37278334528915, pitch angle 86.19863227229337, roll angle -16.787007860322408.
root - INFO - Frame 177: Aruco ID 1 detected with distance 2.294668025639769, yaw angle -5.3848430766973365, pitch angle 88.11212619221058, roll angle 9.62469537885292.
root - INFO - Frame 178: Aruco ID 1 detected with distance 2.452372361640182, yaw angle -5.394872263062894, pitch angle 89.47093011771065, roll angle -0.06503760886470153.
root - INFO - Frame 179: Aruco ID 1 detected with distance 2.19461494150867, yaw angle -5.376148176873585, pitch angle 89.1224913748759, roll angle 15.130796411113835.
root - INFO - Frame 180: Aruco ID 1 detected with distance 2.3310885049350656, yaw angle -5.384492300472942, pitch angle 89.61569998368614, roll angle 5.516685451607998.
root - INFO - Frame 181: Aruco ID 1 detected with distance 2.2964915129534456, yaw angle -5.381743442347329, pitch angle 86.81676524792071, roll angle -20.453155798654677.
root - INFO - Frame 182: Aruco ID 1 detected with distance 2.2282397511793595, yaw angle -5.394651161959246, pitch angle 89.32728089942097, roll angle 12.487450708336059.
root - INFO - Frame 183: Aruco ID 1 detected with distance 2.326531107569114, yaw angle -5.394432323915481, pitch angle 90.17618012500469, roll angle 9.662340403037087.
root - INFO - Frame 184: Aruco ID 1 detected with distance 2.324817208388829, yaw angle -5.394449464844769, pitch angle 90.14785228504361, roll angle 10.027314939293118.
root - INFO - Frame 185: Aruco ID 1 detected with distance 2.2595212652884276, yaw angle -5.385280709129802, pitch angle 89.68783116192922, roll angle 12.575518629047654.
root - INFO - Frame 186: Aruco ID 1 detected with distance 2.3267132770728027, yaw angle -5.394417657904228, pitch angle 90.179395912326, roll angle 9.650156098493172.
root - INFO - Frame 187: Aruco ID 1 detected with distance 2.4698851043717087, yaw angle -5.37453429118969, pitch angle 89.81899585230087, roll angle -3.8524180346978842.
root - INFO - Frame 188: Aruco ID 1 detected with distance 2.2963250708838125, yaw angle -5.4037275865399295, pitch angle 88.12234934541596, roll angle 9.632186477620515.
root - INFO - Frame 189: Aruco ID 1 detected with distance 2.294668025639769, yaw angle -5.3848430766973365, pitch angle 88.11212619221058, roll angle 9.62469537885292.
root - INFO - Frame 190: Aruco ID 1 detected with distance 2.4523868200806804, yaw angle -5.394770000464291, pitch angle 89.4529542216948, roll angle 0.2674079168041932.
root - INFO - Frame 191: Aruco ID 1 detected with distance 2.3310885049350656, yaw angle -5.384492300472942, pitch angle 89.61569998368614, roll angle 5.516685451607998.
root - INFO - Frame 192: Aruco ID 1 detected with distance 2.2926471454518196, yaw angle -5.394646545712618, pitch angle 86.96520433941937, roll angle 12.920410468340632.
root - INFO - Frame 193: Aruco ID 1 detected with distance 2.2926471454518196, yaw angle -5.394646545712618, pitch angle 86.96520433941937, roll angle 12.920410468340632.
root - INFO - Frame 194: Aruco ID 1 detected with distance 2.2974817305996726, yaw angle -5.384902585358134, pitch angle 89.65010130397592, roll angle 9.175768679274624.
root - INFO - Frame 195: Aruco ID 1 detected with distance 2.2974817305996726, yaw angle -5.384902585358134, pitch angle 89.65010130397592, roll angle 9.175768679274624.
root - INFO - Frame 196: Aruco ID 1 detected with distance 2.290547478018083, yaw angle -5.393938454960306, pitch angle 89.08078377594171, roll angle 6.11021486837999.
root - INFO - Frame 197: Aruco ID 1 detected with distance 2.365751971190615, yaw angle -5.375050957395445, pitch angle 88.24778135607836, roll angle 5.632841388080174.
root - INFO - Frame 198: Aruco ID 1 detected with distance 2.3267937306779416, yaw angle -5.391177907359804, pitch angle 86.65176719858734, roll angle -20.522417245347008.
root - INFO - Frame 199: Aruco ID 1 detected with distance 2.2952526510356552, yaw angle -5.384860548433153, pitch angle 87.83810012718516, roll angle 9.366825874510385.
root - INFO - Frame 200: Aruco ID 1 detected with distance 2.3312612237174974, yaw angle -5.384476938160162, pitch angle 89.61920446312948, roll angle 5.501210873540231.
root - INFO - Frame 201: Aruco ID 1 detected with distance 2.2963250708838125, yaw angle -5.4037275865399295, pitch angle 88.12234934541596, roll angle 9.632186477620515.
root - INFO - Frame 202: Aruco ID 1 detected with distance 2.3201894769827516, yaw angle -5.385306166439136, pitch angle 87.56181625622952, roll angle 13.522570723900264.
root - INFO - Frame 203: Aruco ID 1 detected with distance 2.2926471454518196, yaw angle -5.394646545712618, pitch angle 86.96520433941937, roll angle 12.920410468340632.
root - INFO - Frame 204: Aruco ID 1 detected with distance 2.3264061096949704, yaw angle -5.375508876217708, pitch angle 88.37213176920899, roll angle 9.81788187960481.
root - INFO - Frame 205: Aruco ID 1 detected with distance 2.3267132770728027, yaw angle -5.394417657904228, pitch angle 90.179395912326, roll angle 9.650156098493172.
root - INFO - Frame 206: Aruco ID 1 detected with distance 2.3575658214950663, yaw angle -5.383992939303255, pitch angle 89.72751382710298, roll angle 1.0015898899681708.
root - INFO - Frame 207: Aruco ID 1 detected with distance 2.3575658214950663, yaw angle -5.383992939303255, pitch angle 89.72751382710298, roll angle 1.0015898899681708.
root - INFO - Frame 208: Aruco ID 1 detected with distance 2.366741353079523, yaw angle -5.393960665915188, pitch angle 90.07502894997519, roll angle 5.492325538280112.
root - INFO - Frame 209: Aruco ID 1 detected with distance 2.367050671282085, yaw angle -5.393924373399045, pitch angle 90.55716047321258, roll angle 5.268312153970696.
root - INFO - Frame 210: Aruco ID 1 detected with distance 2.357613807208101, yaw angle -5.402908399409824, pitch angle 91.58347558566382, roll angle 0.7462320912213235.
root - INFO - Frame 211: Aruco ID 1 detected with distance 2.3653813651006512, yaw angle -5.412868591801953, pitch angle 91.90206286641961, roll angle 5.349779142816321.
root - INFO - Frame 212: Aruco ID 1 detected with distance 2.3653813651006512, yaw angle -5.412868591801953, pitch angle 91.90206286641961, roll angle 5.349779142816321.
root - INFO - Frame 213: Aruco ID 1 detected with distance 2.328511004268654, yaw angle -5.4222791789789255, pitch angle 91.45555497149813, roll angle 5.2501040858824455.
root - INFO - Frame 214: Aruco ID 1 detected with distance 2.36513881001036, yaw angle -5.412838443438176, pitch angle 92.41861782363527, roll angle 5.0310988013435685.
root - INFO - Frame 215: Aruco ID 1 detected with distance 2.328511004268654, yaw angle -5.4222791789789255, pitch angle 91.45555497149813, roll angle 5.2501040858824455.
root - INFO - Frame 216: Aruco ID 1 detected with distance 2.331150340422466, yaw angle -5.432121614596213, pitch angle 90.53745923842845, roll angle 9.288954064307257.
root - INFO - Frame 217: Aruco ID 1 detected with distance 2.36513881001036, yaw angle -5.412838443438176, pitch angle 92.41861782363527, roll angle 5.0310988013435685.
root - INFO - Frame 218: Aruco ID 1 detected with distance 2.36513881001036, yaw angle -5.412838443438176, pitch angle 92.41861782363527, roll angle 5.0310988013435685.
root - INFO - Frame 219: Aruco ID 1 detected with distance 2.3667490673715985, yaw angle -5.41278065973853, pitch angle 88.70018284141979, roll angle 5.486569581637395.
root - INFO - Frame 220: Aruco ID 1 detected with distance 2.3134608545404047, yaw angle -5.4124717201538886, pitch angle 91.04469476490367, roll angle 2.246421616946647.
root - INFO - Frame 221: Aruco ID 1 detected with distance 2.3134608545404047, yaw angle -5.4124717201538886, pitch angle 91.04469476490367, roll angle 2.246421616946647.
root - INFO - Frame 222: Aruco ID 1 detected with distance 2.3134608545404047, yaw angle -5.4124717201538886, pitch angle 91.04469476490367, roll angle 2.246421616946647.
root - INFO - Frame 223: Aruco ID 1 detected with distance 2.257234397636394, yaw angle -5.382069423651899, pitch angle 86.81906202750852, roll angle -16.567035598173227.
root - INFO - Frame 224: Aruco ID 1 detected with distance 2.344198109792261, yaw angle -5.393016672278264, pitch angle 88.88904971266498, roll angle -4.973324765087137.
root - INFO - Frame 225: Aruco ID 1 detected with distance 2.32991451916307, yaw angle -5.384548035732848, pitch angle 89.15557399523044, roll angle 5.821446465959554.
root - INFO - Frame 226: Aruco ID 1 detected with distance 2.3575658214950663, yaw angle -5.383992939303255, pitch angle 89.72751382710298, roll angle 1.0015898899681708.
root - INFO - Frame 227: Aruco ID 1 detected with distance 2.3322403107082796, yaw angle -5.392507771979012, pitch angle 87.66940162985233, roll angle -8.027469351118615.
root - INFO - Frame 228: Aruco ID 1 detected with distance 2.3201894769827516, yaw angle -5.385306166439136, pitch angle 87.56181625622952, roll angle 13.522570723900264.
root - INFO - Frame 229: Aruco ID 1 detected with distance 2.331103843916047, yaw angle -5.382169580625174, pitch angle 87.12718897847202, roll angle -16.42850172475921.
root - INFO - Frame 230: Aruco ID 1 detected with distance 2.331103843916047, yaw angle -5.382169580625174, pitch angle 87.12718897847202, roll angle -16.42850172475921.
root - INFO - Frame 231: Aruco ID 1 detected with distance 2.3575658214950663, yaw angle -5.383992939303255, pitch angle 89.72751382710298, roll angle 1.0015898899681708.
root - INFO - Frame 232: Aruco ID 1 detected with distance 2.3575658214950663, yaw angle -5.383992939303255, pitch angle 89.72751382710298, roll angle 1.0015898899681708.
root - INFO - Frame 233: Aruco ID 1 detected with distance 2.3322403107082796, yaw angle -5.392507771979012, pitch angle 87.66940162985233, roll angle -8.027469351118615.
root - INFO - Frame 234: Aruco ID 1 detected with distance 2.3322403107082796, yaw angle -5.392507771979012, pitch angle 87.66940162985233, roll angle -8.027469351118615.
root - INFO - Frame 235: Aruco ID 1 detected with distance 2.3267132770728027, yaw angle -5.394417657904228, pitch angle 90.179395912326, roll angle 9.650156098493172.
root - INFO - Frame 236: Aruco ID 1 detected with distance 2.3267132770728027, yaw angle -5.394417657904228, pitch angle 90.179395912326, roll angle 9.650156098493172.
root - INFO - Frame 237: Aruco ID 1 detected with distance 2.3262226189502595, yaw angle -5.375523756803005, pitch angle 88.36914385125728, roll angle 9.829417077349067.
root - INFO - Frame 238: Aruco ID 1 detected with distance 2.330143525343223, yaw angle -5.365572266855281, pitch angle 89.6649828675871, roll angle 5.108986223000211.
root - INFO - Frame 239: Aruco ID 1 detected with distance 2.3295374698863838, yaw angle -5.384475253927775, pitch angle 91.50151774057235, roll angle 4.868985617248644.
root - INFO - Frame 240: Aruco ID 1 detected with distance 2.367050671282085, yaw angle -5.393924373399045, pitch angle 90.55716047321258, roll angle 5.268312153970696.
root - INFO - Frame 241: Aruco ID 1 detected with distance 2.330862141839793, yaw angle -5.394367501232523, pitch angle 90.52833970802438, roll angle 9.319958909937444.
root - INFO - Frame 242: Aruco ID 1 detected with distance 2.367050671282085, yaw angle -5.393924373399045, pitch angle 90.55716047321258, roll angle 5.268312153970696.
root - INFO - Frame 243: Aruco ID 1 detected with distance 2.2926940166538956, yaw angle -5.384914120028583, pitch angle 90.22750259747353, roll angle 9.770026580867391.
root - INFO - Frame 244: Aruco ID 1 detected with distance 2.367050671282085, yaw angle -5.393924373399045, pitch angle 90.55716047321258, roll angle 5.268312153970696.
root - INFO - Frame 245: Aruco ID 1 detected with distance 2.367050671282085, yaw angle -5.393924373399045, pitch angle 90.55716047321258, roll angle 5.268312153970696.
root - INFO - Frame 246: Aruco ID 1 detected with distance 2.328193582624456, yaw angle -5.3845237001800115, pitch angle 91.44663527592603, roll angle 5.281709113267101.
root - INFO - Frame 247: Aruco ID 1 detected with distance 2.319649904727325, yaw angle -5.3934450812990065, pitch angle 92.52358867425521, roll angle 0.34372030811092663.
root - INFO - Frame 248: Aruco ID 1 detected with distance 2.3646042254869335, yaw angle -5.40275829503571, pitch angle 91.00761632955114, roll angle -0.5703251839394062.
root - INFO - Frame 249: Aruco ID 1 detected with distance 2.3575658214950663, yaw angle -5.383992939303255, pitch angle 89.72751382710298, roll angle 1.0015898899681708.
root - INFO - Frame 250: Aruco ID 1 detected with distance 2.3310885049350656, yaw angle -5.384492300472942, pitch angle 89.61569998368614, roll angle 5.516685451607998.
root - INFO - Frame 251: Aruco ID 1 detected with distance 2.3310885049350656, yaw angle -5.384492300472942, pitch angle 89.61569998368614, roll angle 5.516685451607998.
root - INFO - Frame 252: Aruco ID 1 detected with distance 2.3310885049350656, yaw angle -5.384492300472942, pitch angle 89.61569998368614, roll angle 5.516685451607998.
root - INFO - Frame 253: Aruco ID 1 detected with distance 2.2974817305996726, yaw angle -5.384902585358134, pitch angle 89.65010130397592, roll angle 9.175768679274624.
root - INFO - Frame 254: Aruco ID 1 detected with distance 2.2974817305996726, yaw angle -5.384902585358134, pitch angle 89.65010130397592, roll angle 9.175768679274624.
root - INFO - Frame 255: Aruco ID 1 detected with distance 2.2974817305996726, yaw angle -5.384902585358134, pitch angle 89.65010130397592, roll angle 9.175768679274624.
root - INFO - Frame 256: Aruco ID 1 detected with distance 2.3575658214950663, yaw angle -5.383992939303255, pitch angle 89.72751382710298, roll angle 1.0015898899681708.
root - INFO - Frame 257: Aruco ID 1 detected with distance 2.3267132770728027, yaw angle -5.394417657904228, pitch angle 90.179395912326, roll angle 9.650156098493172.
root - INFO - Frame 258: Aruco ID 1 detected with distance 2.3267132770728027, yaw angle -5.394417657904228, pitch angle 90.179395912326, roll angle 9.650156098493172.
root - INFO - Frame 259: Aruco ID 1 detected with distance 2.3575658214950663, yaw angle -5.383992939303255, pitch angle 89.72751382710298, roll angle 1.0015898899681708.
root - INFO - Frame 260: Aruco ID 1 detected with distance 2.3575658214950663, yaw angle -5.383992939303255, pitch angle 89.72751382710298, roll angle 1.0015898899681708.
root - INFO - Frame 261: Aruco ID 1 detected with distance 2.3575658214950663, yaw angle -5.383992939303255, pitch angle 89.72751382710298, roll angle 1.0015898899681708.
root - INFO - Frame 262: Aruco ID 1 detected with distance 2.3267132770728027, yaw angle -5.394417657904228, pitch angle 90.179395912326, roll angle 9.650156098493172.
root - INFO - Frame 263: Aruco ID 1 detected with distance 2.366741353079523, yaw angle -5.393960665915188, pitch angle 90.07502894997519, roll angle 5.492325538280112.
root - INFO - Frame 264: Aruco ID 1 detected with distance 2.3575658214950663, yaw angle -5.383992939303255, pitch angle 89.72751382710298, roll angle 1.0015898899681708.
root - INFO - Frame 265: Aruco ID 1 detected with distance 2.3575658214950663, yaw angle -5.383992939303255, pitch angle 89.72751382710298, roll angle 1.0015898899681708.
root - INFO - Frame 266: Aruco ID 1 detected with distance 2.3575658214950663, yaw angle -5.383992939303255, pitch angle 89.72751382710298, roll angle 1.0015898899681708.
root - INFO - Frame 267: Aruco ID 1 detected with distance 2.3269943689301416, yaw angle -5.3922615499483015, pitch angle 87.30599544882602, roll angle -10.523299615181566.
root - INFO - Frame 268: Aruco ID 1 detected with distance 2.3575658214950663, yaw angle -5.383992939303255, pitch angle 89.72751382710298, roll angle 1.0015898899681708.
root - INFO - Frame 269: Aruco ID 1 detected with distance 2.3575658214950663, yaw angle -5.383992939303255, pitch angle 89.72751382710298, roll angle 1.0015898899681708.
root - INFO - Frame 270: Aruco ID 1 detected with distance 2.3575658214950663, yaw angle -5.383992939303255, pitch angle 89.72751382710298, roll angle 1.0015898899681708.
root - INFO - Frame 271: Aruco ID 1 detected with distance 2.3575658214950663, yaw angle -5.383992939303255, pitch angle 89.72751382710298, roll angle 1.0015898899681708.
root - INFO - Frame 272: Aruco ID 1 detected with distance 2.3575658214950663, yaw angle -5.383992939303255, pitch angle 89.72751382710298, roll angle 1.0015898899681708.
root - INFO - Frame 273: Aruco ID 1 detected with distance 2.3575658214950663, yaw angle -5.383992939303255, pitch angle 89.72751382710298, roll angle 1.0015898899681708.
root - INFO - Frame 274: Aruco ID 1 detected with distance 2.3575658214950663, yaw angle -5.383992939303255, pitch angle 89.72751382710298, roll angle 1.0015898899681708.
root - INFO - Frame 275: Aruco ID 1 detected with distance 2.3575658214950663, yaw angle -5.383992939303255, pitch angle 89.72751382710298, roll angle 1.0015898899681708.
root - INFO - Frame 276: Aruco ID 1 detected with distance 2.3575658214950663, yaw angle -5.383992939303255, pitch angle 89.72751382710298, roll angle 1.0015898899681708.
root - INFO - Frame 277: Aruco ID 1 detected with distance 2.3310885049350656, yaw angle -5.384492300472942, pitch angle 89.61569998368614, roll angle 5.516685451607998.
root - INFO - Frame 278: Aruco ID 1 detected with distance 2.3575658214950663, yaw angle -5.383992939303255, pitch angle 89.72751382710298, roll angle 1.0015898899681708.
root - INFO - Frame 279: Aruco ID 1 detected with distance 2.3310885049350656, yaw angle -5.384492300472942, pitch angle 89.61569998368614, roll angle 5.516685451607998.
root - INFO - Frame 280: Aruco ID 1 detected with distance 2.3575658214950663, yaw angle -5.383992939303255, pitch angle 89.72751382710298, roll angle 1.0015898899681708.
root - INFO - Frame 281: Aruco ID 1 detected with distance 2.3310255225891434, yaw angle -5.375452786047617, pitch angle 88.68891993412474, roll angle 9.558986156525947.
root - INFO - Frame 282: Aruco ID 1 detected with distance 2.3575658214950663, yaw angle -5.383992939303255, pitch angle 89.72751382710298, roll angle 1.0015898899681708.
root - INFO - Frame 283: Aruco ID 1 detected with distance 2.3267937306779416, yaw angle -5.391177907359804, pitch angle 86.65176719858734, roll angle -20.522417245347008.
root - INFO - Frame 284: Aruco ID 1 detected with distance 2.3201894769827516, yaw angle -5.385306166439136, pitch angle 87.56181625622952, roll angle 13.522570723900264.
root - INFO - Frame 285: Aruco ID 1 detected with distance 2.3201894769827516, yaw angle -5.385306166439136, pitch angle 87.56181625622952, roll angle 13.522570723900264.
root - INFO - Frame 286: Aruco ID 1 detected with distance 2.3264061096949704, yaw angle -5.375508876217708, pitch angle 88.37213176920899, roll angle 9.81788187960481.
root - INFO - Frame 287: Aruco ID 1 detected with distance 2.3264061096949704, yaw angle -5.375508876217708, pitch angle 88.37213176920899, roll angle 9.81788187960481.
root - INFO - Frame 288: Aruco ID 1 detected with distance 2.3264061096949704, yaw angle -5.375508876217708, pitch angle 88.37213176920899, roll angle 9.81788187960481.
root - INFO - Frame 289: Aruco ID 1 detected with distance 2.332386249180992, yaw angle -5.384471679198299, pitch angle 89.20650129507935, roll angle 5.173927866129089.
root - INFO - Frame 290: Aruco ID 1 detected with distance 2.3264061096949704, yaw angle -5.375508876217708, pitch angle 88.37213176920899, roll angle 9.81788187960481.
root - INFO - Frame 291: Aruco ID 1 detected with distance 2.3264061096949704, yaw angle -5.375508876217708, pitch angle 88.37213176920899, roll angle 9.81788187960481.
root - INFO - Frame 292: Aruco ID 1 detected with distance 2.3201894769827516, yaw angle -5.385306166439136, pitch angle 87.56181625622952, roll angle 13.522570723900264.
root - INFO - Frame 293: Aruco ID 1 detected with distance 2.3201894769827516, yaw angle -5.385306166439136, pitch angle 87.56181625622952, roll angle 13.522570723900264.
root - INFO - Frame 294: Aruco ID 1 detected with distance 2.3267937306779416, yaw angle -5.391177907359804, pitch angle 86.65176719858734, roll angle -20.522417245347008.
root - INFO - Frame 295: Aruco ID 1 detected with distance 2.331103843916047, yaw angle -5.382169580625174, pitch angle 87.12718897847202, roll angle -16.42850172475921.
root - INFO - Frame 296: Aruco ID 1 detected with distance 2.3575658214950663, yaw angle -5.383992939303255, pitch angle 89.72751382710298, roll angle 1.0015898899681708.
root - INFO - Frame 297: Aruco ID 1 detected with distance 2.3575658214950663, yaw angle -5.383992939303255, pitch angle 89.72751382710298, roll angle 1.0015898899681708.
root - INFO - Frame 298: Aruco ID 1 detected with distance 2.285001395400729, yaw angle -5.383924665445733, pitch angle 90.57869142661548, roll angle 0.6832369801973486.
root - INFO - Frame 299: Aruco ID 1 detected with distance 2.354664784121228, yaw angle -5.384027110971573, pitch angle 91.59942801090003, roll angle 0.7580255567696854.
root - INFO - Frame 300: Aruco ID 1 detected with distance 2.318827819104644, yaw angle -5.393501699640268, pitch angle 92.45459737109081, roll angle 0.8298810711223894.
root - INFO - Frame 301: Aruco ID 1 detected with distance 2.328193582624456, yaw angle -5.3845237001800115, pitch angle 91.44663527592603, roll angle 5.281709113267101.
root - INFO - Frame 302: Aruco ID 1 detected with distance 2.2903599301039024, yaw angle -5.412873383426046, pitch angle 90.91543443934974, roll angle 5.82196777882245.
root - INFO - Frame 303: Aruco ID 1 detected with distance 2.325840900556442, yaw angle -5.403440273201994, pitch angle 91.8669393691346, roll angle 5.63406579720672.
root - INFO - Frame 304: Aruco ID 1 detected with distance 2.330473570456139, yaw angle -5.403406077097031, pitch angle 91.44843874026593, roll angle 5.279038253147491.
root - INFO - Frame 305: Aruco ID 1 detected with distance 2.3653813651006512, yaw angle -5.412868591801953, pitch angle 91.90206286641961, roll angle 5.349779142816321.
root - INFO - Frame 306: Aruco ID 1 detected with distance 2.3134608545404047, yaw angle -5.4124717201538886, pitch angle 91.04469476490367, roll angle 2.246421616946647.
root - INFO - Frame 307: Aruco ID 1 detected with distance 2.2945764878568027, yaw angle -5.403814633752404, pitch angle 89.60735935625904, roll angle 9.458188875741047.
root - INFO - Frame 308: Aruco ID 1 detected with distance 2.367050671282085, yaw angle -5.393924373399045, pitch angle 90.55716047321258, roll angle 5.268312153970696.
root - INFO - Frame 309: Aruco ID 1 detected with distance 2.367050671282085, yaw angle -5.393924373399045, pitch angle 90.55716047321258, roll angle 5.268312153970696.
root - INFO - Frame 310: Aruco ID 1 detected with distance 2.376406790760872, yaw angle -5.394382039565585, pitch angle 90.98874059364601, roll angle -1.2234437768913164.
root - INFO - Frame 311: Aruco ID 1 detected with distance 2.3575658214950663, yaw angle -5.383992939303255, pitch angle 89.72751382710298, roll angle 1.0015898899681708.
root - INFO - Frame 312: Aruco ID 1 detected with distance 2.3267132770728027, yaw angle -5.394417657904228, pitch angle 90.179395912326, roll angle 9.650156098493172.
root - INFO - Frame 313: Aruco ID 1 detected with distance 2.2974817305996726, yaw angle -5.384902585358134, pitch angle 89.65010130397592, roll angle 9.175768679274624.
root - INFO - Frame 314: Aruco ID 1 detected with distance 2.32554894268036, yaw angle -5.394442061358205, pitch angle 88.35331906548502, roll angle 10.221430177103938.
root - INFO - Frame 315: Aruco ID 1 detected with distance 2.3267937306779416, yaw angle -5.391177907359804, pitch angle 86.65176719858734, roll angle -20.522417245347008.
root - INFO - Frame 316: Aruco ID 1 detected with distance 2.3267937306779416, yaw angle -5.391177907359804, pitch angle 86.65176719858734, roll angle -20.522417245347008.
root - INFO - Frame 317: Aruco ID 1 detected with distance 2.3267937306779416, yaw angle -5.391177907359804, pitch angle 86.65176719858734, roll angle -20.522417245347008.
root - INFO - Frame 318: Aruco ID 1 detected with distance 2.3201894769827516, yaw angle -5.385306166439136, pitch angle 87.56181625622952, roll angle 13.522570723900264.
root - INFO - Frame 319: Aruco ID 1 detected with distance 2.3201894769827516, yaw angle -5.385306166439136, pitch angle 87.56181625622952, roll angle 13.522570723900264.
root - INFO - Frame 320: Aruco ID 1 detected with distance 2.3575658214950663, yaw angle -5.383992939303255, pitch angle 89.72751382710298, roll angle 1.0015898899681708.
root - INFO - Frame 321: Aruco ID 1 detected with distance 2.3267132770728027, yaw angle -5.394417657904228, pitch angle 90.179395912326, roll angle 9.650156098493172.
root - INFO - Frame 322: Aruco ID 1 detected with distance 2.3575658214950663, yaw angle -5.383992939303255, pitch angle 89.72751382710298, roll angle 1.0015898899681708.
root - INFO - Frame 323: Aruco ID 1 detected with distance 2.3310885049350656, yaw angle -5.384492300472942, pitch angle 89.61569998368614, roll angle 5.516685451607998.
root - INFO - Frame 324: Aruco ID 1 detected with distance 2.3310885049350656, yaw angle -5.384492300472942, pitch angle 89.61569998368614, roll angle 5.516685451607998.
root - INFO - Frame 325: Aruco ID 1 detected with distance 2.3310885049350656, yaw angle -5.384492300472942, pitch angle 89.61569998368614, roll angle 5.516685451607998.
root - INFO - Frame 326: Aruco ID 1 detected with distance 2.3210856830721576, yaw angle -5.3920906503209665, pitch angle 87.92901806905758, roll angle -11.612232997735674.
root - INFO - Frame 327: Aruco ID 1 detected with distance 2.292852501368704, yaw angle -5.382781737858039, pitch angle 88.28452274868594, roll angle -10.226110160427172.
root - INFO - Frame 328: Aruco ID 1 detected with distance 2.331702604481039, yaw angle -5.393040470824388, pitch angle 92.73394976948148, roll angle -3.4081355605705794.
root - INFO - Frame 329: Aruco ID 1 detected with distance 2.367050671282085, yaw angle -5.393924373399045, pitch angle 90.55716047321258, roll angle 5.268312153970696.
root - INFO - Frame 330: Aruco ID 1 detected with distance 2.367050671282085, yaw angle -5.393924373399045, pitch angle 90.55716047321258, roll angle 5.268312153970696.
root - INFO - Frame 331: Aruco ID 1 detected with distance 2.367050671282085, yaw angle -5.393924373399045, pitch angle 90.55716047321258, roll angle 5.268312153970696.
root - INFO - Frame 332: Aruco ID 1 detected with distance 2.367050671282085, yaw angle -5.393924373399045, pitch angle 90.55716047321258, roll angle 5.268312153970696.
root - INFO - Frame 333: Aruco ID 1 detected with distance 2.330862141839793, yaw angle -5.394367501232523, pitch angle 90.52833970802438, roll angle 9.319958909937444.
root - INFO - Frame 334: Aruco ID 1 detected with distance 2.330862141839793, yaw angle -5.394367501232523, pitch angle 90.52833970802438, roll angle 9.319958909937444.
root - INFO - Frame 335: Aruco ID 1 detected with distance 2.367050671282085, yaw angle -5.393924373399045, pitch angle 90.55716047321258, roll angle 5.268312153970696.
root - INFO - Frame 336: Aruco ID 1 detected with distance 2.367050671282085, yaw angle -5.393924373399045, pitch angle 90.55716047321258, roll angle 5.268312153970696.
root - INFO - Frame 337: Aruco ID 1 detected with distance 2.330473570456139, yaw angle -5.403406077097031, pitch angle 91.44843874026593, roll angle 5.279038253147491.
root - INFO - Frame 338: Aruco ID 1 detected with distance 2.357613807208101, yaw angle -5.402908399409824, pitch angle 91.58347558566382, roll angle 0.7462320912213235.
root - INFO - Frame 339: Aruco ID 1 detected with distance 2.367050671282085, yaw angle -5.393924373399045, pitch angle 90.55716047321258, roll angle 5.268312153970696.
root - INFO - Frame 340: Aruco ID 1 detected with distance 2.4523868200806804, yaw angle -5.394770000464291, pitch angle 89.4529542216948, roll angle 0.2674079168041932.
root - INFO - Frame 341: Aruco ID 1 detected with distance 2.3310885049350656, yaw angle -5.384492300472942, pitch angle 89.61569998368614, roll angle 5.516685451607998.
root - INFO - Frame 342: Aruco ID 1 detected with distance 2.3575658214950663, yaw angle -5.383992939303255, pitch angle 89.72751382710298, roll angle 1.0015898899681708.
root - INFO - Frame 343: Aruco ID 1 detected with distance 2.3575658214950663, yaw angle -5.383992939303255, pitch angle 89.72751382710298, roll angle 1.0015898899681708.
root - INFO - Frame 344: Aruco ID 1 detected with distance 2.3310885049350656, yaw angle -5.384492300472942, pitch angle 89.61569998368614, roll angle 5.516685451607998.
root - INFO - Frame 345: Aruco ID 1 detected with distance 2.3310885049350656, yaw angle -5.384492300472942, pitch angle 89.61569998368614, roll angle 5.516685451607998.
root - INFO - Frame 346: Aruco ID 1 detected with distance 2.3310885049350656, yaw angle -5.384492300472942, pitch angle 89.61569998368614, roll angle 5.516685451607998.
root - INFO - Frame 347: Aruco ID 1 detected with distance 2.3310885049350656, yaw angle -5.384492300472942, pitch angle 89.61569998368614, roll angle 5.516685451607998.
root - INFO - Frame 348: Aruco ID 1 detected with distance 2.3575658214950663, yaw angle -5.383992939303255, pitch angle 89.72751382710298, roll angle 1.0015898899681708.
root - INFO - Frame 349: Aruco ID 1 detected with distance 2.3575658214950663, yaw angle -5.383992939303255, pitch angle 89.72751382710298, roll angle 1.0015898899681708.
root - INFO - Frame 350: Aruco ID 1 detected with distance 2.3575658214950663, yaw angle -5.383992939303255, pitch angle 89.72751382710298, roll angle 1.0015898899681708.
root - INFO - Frame 351: Aruco ID 1 detected with distance 2.3575658214950663, yaw angle -5.383992939303255, pitch angle 89.72751382710298, roll angle 1.0015898899681708.
root - INFO - Frame 352: Aruco ID 1 detected with distance 2.3575658214950663, yaw angle -5.383992939303255, pitch angle 89.72751382710298, roll angle 1.0015898899681708.
root - INFO - Frame 353: Aruco ID 1 detected with distance 2.3575658214950663, yaw angle -5.383992939303255, pitch angle 89.72751382710298, roll angle 1.0015898899681708.
root - INFO - Frame 354: Aruco ID 1 detected with distance 2.3674810033137734, yaw angle -5.3727756017579225, pitch angle 86.73885390876276, roll angle -16.340141829935344.
root - INFO - Frame 355: Aruco ID 1 detected with distance 2.354664784121228, yaw angle -5.384027110971573, pitch angle 91.59942801090003, roll angle 0.7580255567696854.
root - INFO - Frame 356: Aruco ID 1 detected with distance 2.31310495515966, yaw angle -5.374715366477119, pitch angle 91.03233163559007, roll angle 2.2841794494072145.
root - INFO - Frame 357: Aruco ID 1 detected with distance 2.366741353079523, yaw angle -5.393960665915188, pitch angle 90.07502894997519, roll angle 5.492325538280112.
root - INFO - Frame 358: Aruco ID 1 detected with distance 2.357613807208101, yaw angle -5.402908399409824, pitch angle 91.58347558566382, roll angle 0.7462320912213235.
root - INFO - Frame 359: Aruco ID 1 detected with distance 2.330473570456139, yaw angle -5.403406077097031, pitch angle 91.44843874026593, roll angle 5.279038253147491.
root - INFO - Frame 360: Aruco ID 1 detected with distance 2.357613807208101, yaw angle -5.402908399409824, pitch angle 91.58347558566382, roll angle 0.7462320912213235.
root - INFO - Frame 361: Aruco ID 1 detected with distance 2.347725916660119, yaw angle -5.40303619127954, pitch angle 90.07612042773346, roll angle 2.618540303042411.
root - INFO - Frame 362: Aruco ID 1 detected with distance 2.330473570456139, yaw angle -5.403406077097031, pitch angle 91.44843874026593, roll angle 5.279038253147491.
root - INFO - Frame 363: Aruco ID 1 detected with distance 2.330473570456139, yaw angle -5.403406077097031, pitch angle 91.44843874026593, roll angle 5.279038253147491.
root - INFO - Frame 364: Aruco ID 1 detected with distance 2.357613807208101, yaw angle -5.402908399409824, pitch angle 91.58347558566382, roll angle 0.7462320912213235.
root - INFO - Frame 365: Aruco ID 1 detected with distance 2.367050671282085, yaw angle -5.393924373399045, pitch angle 90.55716047321258, roll angle 5.268312153970696.
root - INFO - Frame 366: Aruco ID 1 detected with distance 2.330699987415854, yaw angle -5.3943383311975595, pitch angle 90.88971188220411, roll angle 9.20776886208349.
root - INFO - Frame 367: Aruco ID 1 detected with distance 2.3295307276841415, yaw angle -5.39434032707797, pitch angle 88.68376746154541, roll angle 9.527802041500966.
root - INFO - Frame 368: Aruco ID 1 detected with distance 2.362357567319888, yaw angle -5.393963312267658, pitch angle 90.95759107495117, roll angle 5.738291787800564.
root - INFO - Frame 369: Aruco ID 1 detected with distance 2.366741353079523, yaw angle -5.393960665915188, pitch angle 90.07502894997519, roll angle 5.492325538280112.
root - INFO - Frame 370: Aruco ID 1 detected with distance 2.227474075273987, yaw angle -5.37575646767155, pitch angle 87.4993228365139, roll angle 12.846154427291033.
root - INFO - Frame 371: Aruco ID 1 detected with distance 2.3311350138741056, yaw angle -5.413224524326409, pitch angle 88.69489019058346, roll angle 9.539081368439417.
root - INFO - Frame 372: Aruco ID 1 detected with distance 2.2587139092373847, yaw angle -5.394325456795627, pitch angle 89.34083855491554, roll angle 9.705637017857164.
root - INFO - Frame 373: Aruco ID 1 detected with distance 2.3112109953948927, yaw angle -5.390978538296565, pitch angle 88.8385287416399, roll angle -21.96455195652297.
root - INFO - Frame 374: Aruco ID 1 detected with distance 2.296313502262921, yaw angle -5.384904422090017, pitch angle 89.95074193071422, roll angle 9.375608644374095.
root - INFO - Frame 375: Aruco ID 1 detected with distance 2.3674810033137734, yaw angle -5.3727756017579225, pitch angle 86.73885390876276, roll angle -16.340141829935344.
root - INFO - Frame 376: Aruco ID 1 detected with distance 2.331103843916047, yaw angle -5.382169580625174, pitch angle 87.12718897847202, roll angle -16.42850172475921.
root - INFO - Frame 377: Aruco ID 1 detected with distance 2.4523868200806804, yaw angle -5.394770000464291, pitch angle 89.4529542216948, roll angle 0.2674079168041932.
root - INFO - Frame 378: Aruco ID 1 detected with distance 2.31310495515966, yaw angle -5.374715366477119, pitch angle 91.03233163559007, roll angle 2.2841794494072145.
root - INFO - Frame 379: Aruco ID 1 detected with distance 2.296487773795565, yaw angle -5.384889546827367, pitch angle 89.9543811743364, roll angle 9.363770423581634.
root - INFO - Frame 380: Aruco ID 1 detected with distance 2.2514796075681707, yaw angle -5.384540185609097, pitch angle 88.4759765944128, roll angle 6.940060837127515.
root - INFO - Frame 381: Aruco ID 1 detected with distance 2.2974817305996726, yaw angle -5.384902585358134, pitch angle 89.65010130397592, roll angle 9.175768679274624.
root - INFO - Frame 382: Aruco ID 1 detected with distance 2.3310885049350656, yaw angle -5.384492300472942, pitch angle 89.61569998368614, roll angle 5.516685451607998.
root - INFO - Frame 383: Aruco ID 1 detected with distance 2.3201894769827516, yaw angle -5.385306166439136, pitch angle 87.56181625622952, roll angle 13.522570723900264.
root - INFO - Frame 384: Aruco ID 1 detected with distance 2.3201894769827516, yaw angle -5.385306166439136, pitch angle 87.56181625622952, roll angle 13.522570723900264.
root - INFO - Frame 385: Aruco ID 1 detected with distance 2.4229900946021687, yaw angle -5.394069974521926, pitch angle 88.39441886573111, roll angle 0.4441125866803536.
root - INFO - Frame 386: Aruco ID 1 detected with distance 2.3322403107082796, yaw angle -5.392507771979012, pitch angle 87.66940162985233, roll angle -8.027469351118615.
root - INFO - Frame 387: Aruco ID 1 detected with distance 2.2772495621250095, yaw angle -5.38412349694255, pitch angle 90.10318979749111, roll angle 2.4870354618633037.
root - INFO - Frame 388: Aruco ID 1 detected with distance 2.293061508104085, yaw angle -5.374995994750549, pitch angle 88.76395029679855, roll angle 5.29027148255897.
root - INFO - Frame 389: Aruco ID 1 detected with distance 2.3310885049350656, yaw angle -5.384492300472942, pitch angle 89.61569998368614, roll angle 5.516685451607998.
root - INFO - Frame 390: Aruco ID 1 detected with distance 2.3310885049350656, yaw angle -5.384492300472942, pitch angle 89.61569998368614, roll angle 5.516685451607998.
root - INFO - Frame 391: Aruco ID 1 detected with distance 2.293061508104085, yaw angle -5.374995994750549, pitch angle 88.76395029679855, roll angle 5.29027148255897.
root - INFO - Frame 392: Aruco ID 1 detected with distance 2.2974817305996726, yaw angle -5.384902585358134, pitch angle 89.65010130397592, roll angle 9.175768679274624.
root - INFO - Frame 393: Aruco ID 1 detected with distance 2.2706540405178375, yaw angle -5.384250483723093, pitch angle 90.42201392065802, roll angle 3.584864467579589.
root - INFO - Frame 394: Aruco ID 1 detected with distance 2.328439429552562, yaw angle -5.385224986716992, pitch angle 87.80976657838056, roll angle 13.09821282618897.
root - INFO - Frame 395: Aruco ID 1 detected with distance 2.3575658214950663, yaw angle -5.383992939303255, pitch angle 89.72751382710298, roll angle 1.0015898899681708.
root - INFO - Frame 396: Aruco ID 1 detected with distance 2.3310885049350656, yaw angle -5.384492300472942, pitch angle 89.61569998368614, roll angle 5.516685451607998.
root - INFO - Frame 397: Aruco ID 1 detected with distance 2.4698851043717087, yaw angle -5.37453429118969, pitch angle 89.81899585230087, roll angle -3.8524180346978842.
root - INFO - Frame 398: Aruco ID 1 detected with distance 2.366795951842108, yaw angle -5.37278334528915, pitch angle 86.19863227229337, roll angle -16.787007860322408.
root - INFO - Frame 399: Aruco ID 1 detected with distance 2.357613807208101, yaw angle -5.402908399409824, pitch angle 91.58347558566382, roll angle 0.7462320912213235.
root - INFO - Frame 400: Aruco ID 1 detected with distance 2.357613807208101, yaw angle -5.402908399409824, pitch angle 91.58347558566382, roll angle 0.7462320912213235.
root - INFO - Frame 401: Aruco ID 1 detected with distance 2.357613807208101, yaw angle -5.402908399409824, pitch angle 91.58347558566382, roll angle 0.7462320912213235.
root - INFO - Frame 402: Aruco ID 1 detected with distance 2.367050671282085, yaw angle -5.393924373399045, pitch angle 90.55716047321258, roll angle 5.268312153970696.
root - INFO - Frame 403: Aruco ID 1 detected with distance 2.357613807208101, yaw angle -5.402908399409824, pitch angle 91.58347558566382, roll angle 0.7462320912213235.
root - INFO - Frame 404: Aruco ID 1 detected with distance 2.330473570456139, yaw angle -5.403406077097031, pitch angle 91.44843874026593, roll angle 5.279038253147491.
root - INFO - Frame 405: Aruco ID 1 detected with distance 2.325840900556442, yaw angle -5.403440273201994, pitch angle 91.8669393691346, roll angle 5.63406579720672.
root - INFO - Frame 406: Aruco ID 1 detected with distance 2.330473570456139, yaw angle -5.403406077097031, pitch angle 91.44843874026593, roll angle 5.279038253147491.
root - INFO - Frame 407: Aruco ID 1 detected with distance 2.330473570456139, yaw angle -5.403406077097031, pitch angle 91.44843874026593, roll angle 5.279038253147491.
root - INFO - Frame 408: Aruco ID 1 detected with distance 2.325840900556442, yaw angle -5.403440273201994, pitch angle 91.8669393691346, roll angle 5.63406579720672.
root - INFO - Frame 409: Aruco ID 1 detected with distance 2.261783191151643, yaw angle -5.394390715260499, pitch angle 90.8555963622016, roll angle 9.244419505992541.
root - INFO - Frame 410: Aruco ID 1 detected with distance 2.2912777186634927, yaw angle -5.391534168065704, pitch angle 87.65918391541646, roll angle -16.757155162343235.
root - INFO - Frame 411: Aruco ID 1 detected with distance 2.425569183520191, yaw angle -5.395640060221979, pitch angle 90.6515953157045, roll angle 0.24886132945849254.
root - INFO - Frame 412: Aruco ID 1 detected with distance 2.330143525343223, yaw angle -5.365572266855281, pitch angle 89.6649828675871, roll angle 5.108986223000211.
root - INFO - Frame 413: Aruco ID 1 detected with distance 2.3310885049350656, yaw angle -5.384492300472942, pitch angle 89.61569998368614, roll angle 5.516685451607998.
root - INFO - Frame 414: Aruco ID 1 detected with distance 2.3310885049350656, yaw angle -5.384492300472942, pitch angle 89.61569998368614, roll angle 5.516685451607998.
root - INFO - Frame 415: Aruco ID 1 detected with distance 2.3310885049350656, yaw angle -5.384492300472942, pitch angle 89.61569998368614, roll angle 5.516685451607998.
root - INFO - Frame 416: Aruco ID 1 detected with distance 2.32991451916307, yaw angle -5.384548035732848, pitch angle 89.15557399523044, roll angle 5.821446465959554.
root - INFO - Frame 417: Aruco ID 1 detected with distance 2.3612008998449805, yaw angle -5.384950799466679, pitch angle 87.41193113206012, roll angle 10.218024529330064.
root - INFO - Frame 418: Aruco ID 1 detected with distance 2.3575658214950663, yaw angle -5.383992939303255, pitch angle 89.72751382710298, roll angle 1.0015898899681708.
root - INFO - Frame 419: Aruco ID 1 detected with distance 2.3310885049350656, yaw angle -5.384492300472942, pitch angle 89.61569998368614, roll angle 5.516685451607998.
root - INFO - Frame 420: Aruco ID 1 detected with distance 2.2974817305996726, yaw angle -5.384902585358134, pitch angle 89.65010130397592, roll angle 9.175768679274624.
root - INFO - Frame 421: Aruco ID 1 detected with distance 2.3267937306779416, yaw angle -5.391177907359804, pitch angle 86.65176719858734, roll angle -20.522417245347008.
root - INFO - Frame 422: Aruco ID 1 detected with distance 2.3310885049350656, yaw angle -5.384492300472942, pitch angle 89.61569998368614, roll angle 5.516685451607998.
root - INFO - Frame 423: Aruco ID 1 detected with distance 2.327027203986713, yaw angle -5.384521191487721, pitch angle 89.998707729613, roll angle 5.948587768857973.
root - INFO - Frame 424: Aruco ID 1 detected with distance 2.3310885049350656, yaw angle -5.384492300472942, pitch angle 89.61569998368614, roll angle 5.516685451607998.
root - INFO - Frame 425: Aruco ID 1 detected with distance 2.3310885049350656, yaw angle -5.384492300472942, pitch angle 89.61569998368614, roll angle 5.516685451607998.
root - INFO - Frame 426: Aruco ID 1 detected with distance 2.328193582624456, yaw angle -5.3845237001800115, pitch angle 91.44663527592603, roll angle 5.281709113267101.
root - INFO - Frame 427: Aruco ID 1 detected with distance 2.330862141839793, yaw angle -5.394367501232523, pitch angle 90.52833970802438, roll angle 9.319958909937444.
root - INFO - Frame 428: Aruco ID 1 detected with distance 2.467271139962495, yaw angle -5.385186912393095, pitch angle 89.81575755421002, roll angle -0.18586663038337478.
root - INFO - Frame 429: Aruco ID 1 detected with distance 2.330862141839793, yaw angle -5.394367501232523, pitch angle 90.52833970802438, roll angle 9.319958909937444.
root - INFO - Frame 430: Aruco ID 1 detected with distance 2.2973015029621657, yaw angle -5.384917379186305, pitch angle 89.64669344839763, roll angle 9.188228396099891.
root - INFO - Frame 431: Aruco ID 1 detected with distance 2.330862141839793, yaw angle -5.394367501232523, pitch angle 90.52833970802438, roll angle 9.319958909937444.
root - INFO - Frame 432: Aruco ID 1 detected with distance 2.367050671282085, yaw angle -5.393924373399045, pitch angle 90.55716047321258, roll angle 5.268312153970696.
root - INFO - Frame 433: Aruco ID 1 detected with distance 2.4698851043717087, yaw angle -5.37453429118969, pitch angle 89.81899585230087, roll angle -3.8524180346978842.
root - INFO - Frame 434: Aruco ID 1 detected with distance 2.4698851043717087, yaw angle -5.37453429118969, pitch angle 89.81899585230087, roll angle -3.8524180346978842.
root - INFO - Frame 435: Aruco ID 1 detected with distance 2.3310885049350656, yaw angle -5.384492300472942, pitch angle 89.61569998368614, roll angle 5.516685451607998.
root - INFO - Frame 436: Aruco ID 1 detected with distance 2.3310885049350656, yaw angle -5.384492300472942, pitch angle 89.61569998368614, roll angle 5.516685451607998.
root - INFO - Frame 437: Aruco ID 1 detected with distance 2.3210856830721576, yaw angle -5.3920906503209665, pitch angle 87.92901806905758, roll angle -11.612232997735674.
root - INFO - Frame 438: Aruco ID 1 detected with distance 2.3310885049350656, yaw angle -5.384492300472942, pitch angle 89.61569998368614, roll angle 5.516685451607998.
root - INFO - Frame 439: Aruco ID 1 detected with distance 2.3665924314497553, yaw angle -5.375008606066331, pitch angle 88.69447517377678, roll angle 5.504494013955157.
root - INFO - Frame 440: Aruco ID 1 detected with distance 2.3575658214950663, yaw angle -5.383992939303255, pitch angle 89.72751382710298, roll angle 1.0015898899681708.
root - INFO - Frame 441: Aruco ID 1 detected with distance 2.3310885049350656, yaw angle -5.384492300472942, pitch angle 89.61569998368614, roll angle 5.516685451607998.
root - INFO - Frame 442: Aruco ID 1 detected with distance 2.3575658214950663, yaw angle -5.383992939303255, pitch angle 89.72751382710298, roll angle 1.0015898899681708.
root - INFO - Frame 443: Aruco ID 1 detected with distance 2.3201894769827516, yaw angle -5.385306166439136, pitch angle 87.56181625622952, roll angle 13.522570723900264.
root - INFO - Frame 444: Aruco ID 1 detected with distance 2.3182510058899632, yaw angle -5.38534001074521, pitch angle 87.53552446046164, roll angle 13.798958452539097.
root - INFO - Frame 445: Aruco ID 1 detected with distance 2.3575658214950663, yaw angle -5.383992939303255, pitch angle 89.72751382710298, roll angle 1.0015898899681708.
root - INFO - Frame 446: Aruco ID 1 detected with distance 2.3575658214950663, yaw angle -5.383992939303255, pitch angle 89.72751382710298, roll angle 1.0015898899681708.
root - INFO - Frame 447: Aruco ID 1 detected with distance 2.3310885049350656, yaw angle -5.384492300472942, pitch angle 89.61569998368614, roll angle 5.516685451607998.
root - INFO - Frame 448: Aruco ID 1 detected with distance 2.3310885049350656, yaw angle -5.384492300472942, pitch angle 89.61569998368614, roll angle 5.516685451607998.
root - INFO - Frame 449: Aruco ID 1 detected with distance 2.3575658214950663, yaw angle -5.383992939303255, pitch angle 89.72751382710298, roll angle 1.0015898899681708.
root - INFO - Frame 450: Aruco ID 1 detected with distance 2.3262226189502595, yaw angle -5.375523756803005, pitch angle 88.36914385125728, roll angle 9.829417077349067.
root - INFO - Frame 451: Aruco ID 1 detected with distance 2.3262226189502595, yaw angle -5.375523756803005, pitch angle 88.36914385125728, roll angle 9.829417077349067.
root - INFO - Frame 452: Aruco ID 1 detected with distance 2.296487773795565, yaw angle -5.384889546827367, pitch angle 89.9543811743364, roll angle 9.363770423581634.
root - INFO - Frame 453: Aruco ID 1 detected with distance 2.2974817305996726, yaw angle -5.384902585358134, pitch angle 89.65010130397592, roll angle 9.175768679274624.
root - INFO - Frame 454: Aruco ID 1 detected with distance 2.4698851043717087, yaw angle -5.37453429118969, pitch angle 89.81899585230087, roll angle -3.8524180346978842.
root - INFO - Frame 455: Aruco ID 1 detected with distance 2.3310885049350656, yaw angle -5.384492300472942, pitch angle 89.61569998368614, roll angle 5.516685451607998.
root - INFO - Frame 456: Aruco ID 1 detected with distance 2.3201894769827516, yaw angle -5.385306166439136, pitch angle 87.56181625622952, roll angle 13.522570723900264.
root - INFO - Frame 457: Aruco ID 1 detected with distance 2.3310885049350656, yaw angle -5.384492300472942, pitch angle 89.61569998368614, roll angle 5.516685451607998.
root - INFO - Frame 458: Aruco ID 1 detected with distance 2.4698851043717087, yaw angle -5.37453429118969, pitch angle 89.81899585230087, roll angle -3.8524180346978842.
root - INFO - Frame 459: Aruco ID 1 detected with distance 2.226426978621791, yaw angle -5.384876740610338, pitch angle 88.47635709295434, roll angle 9.677222044700722.
root - INFO - Frame 460: Aruco ID 1 detected with distance 2.4691080639819614, yaw angle -5.375534294736383, pitch angle 89.60207100163574, roll angle -2.188540132826786.
root - INFO - Frame 461: Aruco ID 1 detected with distance 2.3674810033137734, yaw angle -5.3727756017579225, pitch angle 86.73885390876276, roll angle -16.340141829935344.
root - INFO - Frame 462: Aruco ID 1 detected with distance 2.3262226189502595, yaw angle -5.375523756803005, pitch angle 88.36914385125728, roll angle 9.829417077349067.
root - INFO - Frame 463: Aruco ID 1 detected with distance 2.3267132770728027, yaw angle -5.394417657904228, pitch angle 90.179395912326, roll angle 9.650156098493172.
root - INFO - Frame 464: Aruco ID 1 detected with distance 2.3310885049350656, yaw angle -5.384492300472942, pitch angle 89.61569998368614, roll angle 5.516685451607998.
root - INFO - Frame 465: Aruco ID 1 detected with distance 2.4698851043717087, yaw angle -5.37453429118969, pitch angle 89.81899585230087, roll angle -3.8524180346978842.
root - INFO - Frame 466: Aruco ID 1 detected with distance 2.3310885049350656, yaw angle -5.384492300472942, pitch angle 89.61569998368614, roll angle 5.516685451607998.
root - INFO - Frame 467: Aruco ID 1 detected with distance 2.3575658214950663, yaw angle -5.383992939303255, pitch angle 89.72751382710298, roll angle 1.0015898899681708.
root - INFO - Frame 468: Aruco ID 1 detected with distance 2.3262226189502595, yaw angle -5.375523756803005, pitch angle 88.36914385125728, roll angle 9.829417077349067.
root - INFO - Frame 469: Aruco ID 1 detected with distance 2.3575658214950663, yaw angle -5.383992939303255, pitch angle 89.72751382710298, roll angle 1.0015898899681708.
root - INFO - Frame 470: Aruco ID 1 detected with distance 2.3575658214950663, yaw angle -5.383992939303255, pitch angle 89.72751382710298, roll angle 1.0015898899681708.
root - INFO - Frame 471: Aruco ID 1 detected with distance 2.3575658214950663, yaw angle -5.383992939303255, pitch angle 89.72751382710298, roll angle 1.0015898899681708.
root - INFO - Frame 472: Aruco ID 1 detected with distance 2.2900318656620504, yaw angle -5.375116828674265, pitch angle 90.90379170978363, roll angle 5.8569675851607945.
root - INFO - Frame 473: Aruco ID 1 detected with distance 2.3262226189502595, yaw angle -5.375523756803005, pitch angle 88.36914385125728, roll angle 9.829417077349067.
root - INFO - Frame 474: Aruco ID 1 detected with distance 2.331702604481039, yaw angle -5.393040470824388, pitch angle 92.73394976948148, roll angle -3.4081355605705794.
root - INFO - Frame 475: Aruco ID 1 detected with distance 2.354664784121228, yaw angle -5.384027110971573, pitch angle 91.59942801090003, roll angle 0.7580255567696854.
root - INFO - Frame 476: Aruco ID 1 detected with distance 2.330473570456139, yaw angle -5.403406077097031, pitch angle 91.44843874026593, roll angle 5.279038253147491.
root - INFO - Frame 477: Aruco ID 1 detected with distance 2.296313502262921, yaw angle -5.384904422090017, pitch angle 89.95074193071422, roll angle 9.375608644374095.
root - INFO - Frame 478: Aruco ID 1 detected with distance 2.330473570456139, yaw angle -5.403406077097031, pitch angle 91.44843874026593, roll angle 5.279038253147491.
root - INFO - Frame 479: Aruco ID 1 detected with distance 2.318827819104644, yaw angle -5.393501699640268, pitch angle 92.45459737109081, roll angle 0.8298810711223894.
root - INFO - Frame 480: Aruco ID 1 detected with distance 2.325840900556442, yaw angle -5.403440273201994, pitch angle 91.8669393691346, roll angle 5.63406579720672.
root - INFO - Frame 481: Aruco ID 1 detected with distance 2.2867604983882424, yaw angle -5.421772731010975, pitch angle 91.55862635316687, roll angle 0.6415912589232339.
root - INFO - Frame 482: Aruco ID 1 detected with distance 2.2903599301039024, yaw angle -5.412873383426046, pitch angle 90.91543443934974, roll angle 5.82196777882245.
root - INFO - Frame 483: Aruco ID 1 detected with distance 2.325840900556442, yaw angle -5.403440273201994, pitch angle 91.8669393691346, roll angle 5.63406579720672.
root - INFO - Frame 484: Aruco ID 1 detected with distance 2.4513832954989905, yaw angle -5.394767496883361, pitch angle 91.45644754610895, roll angle -8.577924552996203.
root - INFO - Frame 485: Aruco ID 1 detected with distance 2.3653813651006512, yaw angle -5.412868591801953, pitch angle 91.90206286641961, roll angle 5.349779142816321.
root - INFO - Frame 486: Aruco ID 1 detected with distance 2.330473570456139, yaw angle -5.403406077097031, pitch angle 91.44843874026593, roll angle 5.279038253147491.
root - INFO - Frame 487: Aruco ID 1 detected with distance 2.36513881001036, yaw angle -5.412838443438176, pitch angle 92.41861782363527, roll angle 5.0310988013435685.
root - INFO - Frame 488: Aruco ID 1 detected with distance 2.357613807208101, yaw angle -5.402908399409824, pitch angle 91.58347558566382, roll angle 0.7462320912213235.
root - INFO - Frame 489: Aruco ID 1 detected with distance 2.3548877705011315, yaw angle -5.402880366417804, pitch angle 89.749804807056, roll angle 0.980228497940056.
root - INFO - Frame 490: Aruco ID 1 detected with distance 2.330473570456139, yaw angle -5.403406077097031, pitch angle 91.44843874026593, roll angle 5.279038253147491.
root - INFO - Frame 491: Aruco ID 1 detected with distance 2.330473570456139, yaw angle -5.403406077097031, pitch angle 91.44843874026593, roll angle 5.279038253147491.
root - INFO - Frame 492: Aruco ID 1 detected with distance 2.3103600076092548, yaw angle -5.394621702801857, pitch angle 89.7985858836491, roll angle 11.201702499845116.
root - INFO - Frame 493: Aruco ID 1 detected with distance 2.349738815517154, yaw angle -5.382517934805918, pitch angle 86.57505098168758, roll angle -13.84496000253401.
root - INFO - Frame 494: Aruco ID 1 detected with distance 2.327027203986713, yaw angle -5.384521191487721, pitch angle 89.998707729613, roll angle 5.948587768857973.
root - INFO - Frame 495: Aruco ID 1 detected with distance 2.3310885049350656, yaw angle -5.384492300472942, pitch angle 89.61569998368614, roll angle 5.516685451607998.
root - INFO - Frame 496: Aruco ID 1 detected with distance 2.3210856830721576, yaw angle -5.3920906503209665, pitch angle 87.92901806905758, roll angle -11.612232997735674.
root - INFO - Frame 497: Aruco ID 1 detected with distance 2.3310885049350656, yaw angle -5.384492300472942, pitch angle 89.61569998368614, roll angle 5.516685451607998.
root - INFO - Frame 498: Aruco ID 1 detected with distance 2.3310885049350656, yaw angle -5.384492300472942, pitch angle 89.61569998368614, roll angle 5.516685451607998.
root - INFO - Frame 499: Aruco ID 1 detected with distance 2.3575658214950663, yaw angle -5.383992939303255, pitch angle 89.72751382710298, roll angle 1.0015898899681708.
root - INFO - Frame 500: Aruco ID 1 detected with distance 2.3310885049350656, yaw angle -5.384492300472942, pitch angle 89.61569998368614, roll angle 5.516685451607998.
root - INFO - Frame 501: Aruco ID 1 detected with distance 2.3310885049350656, yaw angle -5.384492300472942, pitch angle 89.61569998368614, roll angle 5.516685451607998.
root - INFO - Frame 502: Aruco ID 1 detected with distance 2.3310885049350656, yaw angle -5.384492300472942, pitch angle 89.61569998368614, roll angle 5.516685451607998.
root - INFO - Frame 503: Aruco ID 1 detected with distance 2.331103843916047, yaw angle -5.382169580625174, pitch angle 87.12718897847202, roll angle -16.42850172475921.
root - INFO - Frame 504: Aruco ID 1 detected with distance 2.331103843916047, yaw angle -5.382169580625174, pitch angle 87.12718897847202, roll angle -16.42850172475921.
root - INFO - Frame 505: Aruco ID 1 detected with distance 2.331103843916047, yaw angle -5.382169580625174, pitch angle 87.12718897847202, roll angle -16.42850172475921.
root - INFO - Frame 506: Aruco ID 1 detected with distance 2.2621199979630027, yaw angle -5.372276715420867, pitch angle 85.9840235652334, roll angle -20.271523588234142.
root - INFO - Frame 507: Aruco ID 1 detected with distance 2.3201894769827516, yaw angle -5.385306166439136, pitch angle 87.56181625622952, roll angle 13.522570723900264.
root - INFO - Frame 508: Aruco ID 1 detected with distance 2.3182510058899632, yaw angle -5.38534001074521, pitch angle 87.53552446046164, roll angle 13.798958452539097.
root - INFO - Frame 509: Aruco ID 1 detected with distance 2.3310885049350656, yaw angle -5.384492300472942, pitch angle 89.61569998368614, roll angle 5.516685451607998.
root - INFO - Frame 510: Aruco ID 1 detected with distance 2.2952424047775644, yaw angle -5.372708799447594, pitch angle 86.28652887632292, roll angle -16.144877558330503.
root - INFO - Frame 511: Aruco ID 1 detected with distance 2.2965511317403546, yaw angle -5.365987951272217, pitch angle 87.84005738912519, roll angle 9.411388672351455.
root - INFO - Frame 512: Aruco ID 1 detected with distance 2.329470187101569, yaw angle -5.38224059266048, pitch angle 85.33974326539804, roll angle -16.059216909023995.
root - INFO - Frame 513: Aruco ID 1 detected with distance 2.447665963419293, yaw angle -5.376065639684157, pitch angle 87.51203877855727, roll angle 1.8308903851755651.
root - INFO - Frame 514: Aruco ID 1 detected with distance 2.288505054974032, yaw angle -5.375053319635242, pitch angle 89.07722440190612, roll angle 6.104157838566629.
root - INFO - Frame 515: Aruco ID 1 detected with distance 2.2926471454518196, yaw angle -5.394646545712618, pitch angle 86.96520433941937, roll angle 12.920410468340632.
root - INFO - Frame 516: Aruco ID 1 detected with distance 2.3310255225891434, yaw angle -5.375452786047617, pitch angle 88.68891993412474, roll angle 9.558986156525947.
root - INFO - Frame 517: Aruco ID 1 detected with distance 2.332386249180992, yaw angle -5.384471679198299, pitch angle 89.20650129507935, roll angle 5.173927866129089.
root - INFO - Frame 518: Aruco ID 1 detected with distance 2.3267937306779416, yaw angle -5.391177907359804, pitch angle 86.65176719858734, roll angle -20.522417245347008.
root - INFO - Frame 519: Aruco ID 1 detected with distance 2.3201894769827516, yaw angle -5.385306166439136, pitch angle 87.56181625622952, roll angle 13.522570723900264.
root - INFO - Frame 520: Aruco ID 1 detected with distance 2.4257149851028457, yaw angle -5.375291818469776, pitch angle 89.20685614344738, roll angle -5.958188707761589.
root - INFO - Frame 521: Aruco ID 1 detected with distance 2.260682220635469, yaw angle -5.347419538883486, pitch angle 86.3431429408795, roll angle 12.859944141641627.
root - INFO - Frame 522: Aruco ID 1 detected with distance 2.2125816406411727, yaw angle -5.263118433141557, pitch angle 85.36700614268591, roll angle 18.63153436607446.
root - INFO - Frame 523: Aruco ID 1 detected with distance 2.2800801639648958, yaw angle -5.051534943411269, pitch angle 83.80639196676853, roll angle -17.95318411478503.
root - INFO - Frame 651: Aruco ID 1 detected with distance 1.8828434387303568, yaw angle 9.703936616937852, pitch angle 85.08843069897057, roll angle -1.3316596258216016.
root - INFO - Frame 652: Aruco ID 1 detected with distance 1.9144048981388457, yaw angle 9.714252073596441, pitch angle 83.38886314959632, roll angle -6.778983972068884.
root - INFO - Frame 653: Aruco ID 1 detected with distance 1.9288145290484335, yaw angle 9.722618847475616, pitch angle 84.424284727281, roll angle -1.1139098111288455.
root - INFO - Frame 654: Aruco ID 1 detected with distance 2.084782329607404, yaw angle 9.724097584543415, pitch angle 87.63818740313957, roll angle 6.688849570819145.
root - INFO - Frame 655: Aruco ID 1 detected with distance 1.9073496404818493, yaw angle 9.71328062312574, pitch angle 85.30731275029478, roll angle -0.8904720961120615.
root - INFO - Frame 656: Aruco ID 1 detected with distance 1.9252035418538926, yaw angle 9.722701121486523, pitch angle 84.62788741882889, roll angle -2.115871485615994.
root - INFO - Frame 657: Aruco ID 1 detected with distance 1.9293161360503923, yaw angle 9.732397576062937, pitch angle 83.38687768645309, roll angle -5.01428304459974.
root - INFO - Frame 658: Aruco ID 1 detected with distance 1.829021002793701, yaw angle 9.738122676316294, pitch angle 74.24154512211766, roll angle 27.67451238797899.
root - INFO - Frame 659: Aruco ID 1 detected with distance 1.9192152410111736, yaw angle 9.722796016016304, pitch angle 84.31173097055947, roll angle -3.003575981208416.
root - INFO - Frame 660: Aruco ID 1 detected with distance 1.9288000745586722, yaw angle 9.722591615725548, pitch angle 84.419619530592, roll angle -1.1258980189031247.
root - INFO - Frame 661: Aruco ID 1 detected with distance 1.9079570429255817, yaw angle 9.723183104165884, pitch angle 84.29124359740214, roll angle -4.725679767865378.
root - INFO - Frame 662: Aruco ID 1 detected with distance 1.8902195577030518, yaw angle 9.71365201057776, pitch angle 83.86006161548498, roll angle -3.898727203446171.
root - INFO - Frame 666: Aruco ID 17 detected with distance 1.7674757611324314, yaw angle -25.46469318137926, pitch angle -175.6851088689866, roll angle -77.19750641835795.
root - INFO - Frame 671: Aruco ID 1 detected with distance 2.26855401806237, yaw angle -2.529182154352128, pitch angle 86.31108663454754, roll angle 9.140706837461314.
root - INFO - Frame 672: Aruco ID 1 detected with distance 2.2776514176641705, yaw angle -2.5580799153825353, pitch angle 87.18857709081328, roll angle 12.45037087654356.
root - INFO - Frame 673: Aruco ID 1 detected with distance 2.2680903691396432, yaw angle -2.5672808789403234, pitch angle 86.2838541428477, roll angle 9.348948709084597.
root - INFO - Frame 675: Aruco ID 1 detected with distance 2.271004159126912, yaw angle -2.62112377829078, pitch angle 85.29082521434968, roll angle -20.94715830557486.
root - INFO - Frame 676: Aruco ID 1 detected with distance 2.1762487337814114, yaw angle -2.697598195519589, pitch angle 84.8221784094665, roll angle -17.634564112057742.
root - INFO - Frame 677: Aruco ID 1 detected with distance 2.266034803662365, yaw angle -2.68141788888758, pitch angle 86.45169972301241, roll angle 9.926005403492272.
root - INFO - Frame 678: Aruco ID 1 detected with distance 2.274512406129183, yaw angle -2.7299324321718643, pitch angle 85.38561407604801, roll angle 18.70543338054375.
root - INFO - Frame 679: Aruco ID 1 detected with distance 2.278801639575801, yaw angle -2.748892260316012, pitch angle 89.04492215593854, roll angle 17.856553203620084.
root - INFO - Frame 680: Aruco ID 1 detected with distance 2.3500926019571353, yaw angle -2.8051732843859725, pitch angle 85.28865759732231, roll angle 12.590306866152329.
root - INFO - Frame 681: Aruco ID 1 detected with distance 2.319564094494929, yaw angle -2.8399332883400916, pitch angle 85.8908651188006, roll angle -20.656324610698825.
root - INFO - Frame 682: Aruco ID 1 detected with distance 2.335293589795414, yaw angle -2.8993478748523103, pitch angle 87.36179894470501, roll angle 5.290155077276017.
root - INFO - Frame 683: Aruco ID 1 detected with distance 2.3541656368756985, yaw angle -2.8519850784459777, pitch angle 86.23605563374716, roll angle 7.753008484152377.
root - INFO - Frame 684: Aruco ID 1 detected with distance 2.311394137269656, yaw angle -2.7642742261652415, pitch angle 83.91581905963643, roll angle -14.018069890606046.
root - INFO - Frame 685: Aruco ID 1 detected with distance 2.3321750338365463, yaw angle -2.68995120196314, pitch angle 87.2748723930673, roll angle 5.50881284171359.
root - INFO - Frame 688: Aruco ID 1 detected with distance 2.3426009526837595, yaw angle -1.9451568664228773, pitch angle 90.83621013651104, roll angle 6.7134483539089.
root - INFO - Frame 691: Aruco ID 1 detected with distance 2.3027454167608257, yaw angle -1.6698448758591269, pitch angle 87.90764399257705, roll angle 6.097706168749589.
root - INFO - Frame 692: Aruco ID 1 detected with distance 2.2932468849560705, yaw angle -1.6698554129739023, pitch angle 87.86495367697083, roll angle 8.060778348509592.
root - INFO - Frame 692: Aruco ID 37 detected with distance 2.198130458509853, yaw angle -31.151216421427876, pitch angle 152.50130667050283, roll angle 22.62099751291891.
root - INFO - Frame 694: Aruco ID 1 detected with distance 2.3170579410777945, yaw angle -1.6693059035591205, pitch angle 89.81132468854305, roll angle 0.517027997697046.
root - INFO - Frame 695: Aruco ID 1 detected with distance 2.309885813665935, yaw angle -1.6696079554657786, pitch angle 87.82933564280312, roll angle 4.533222902464117.
root - INFO - Frame 696: Aruco ID 1 detected with distance 2.3462799582118357, yaw angle -1.679056025404435, pitch angle 88.72432027789884, roll angle 4.475819556376108.
root - INFO - Frame 697: Aruco ID 1 detected with distance 2.3192849922666006, yaw angle -1.6705656156696023, pitch angle 87.59889558638876, roll angle 13.150970551462724.
root - INFO - Frame 698: Aruco ID 1 detected with distance 2.3174106258605742, yaw angle -1.6503528362057978, pitch angle 89.62783573940816, roll angle 1.6352895076226357.
root - INFO - Frame 699: Aruco ID 1 detected with distance 2.3144313828551404, yaw angle -1.6694459755696016, pitch angle 87.89295778334314, roll angle 3.3076748136090814.
root - INFO - Frame 700: Aruco ID 1 detected with distance 2.315200528946637, yaw angle -1.66936928863322, pitch angle 87.89572690824603, roll angle 3.290455815539717.
root - INFO - Frame 701: Aruco ID 1 detected with distance 2.348004772235197, yaw angle -1.6588295015501728, pitch angle 87.84395814668562, roll angle -7.653881646205189.
root - INFO - Frame 702: Aruco ID 1 detected with distance 2.325086481274665, yaw angle -1.639427846131639, pitch angle 86.16109872659074, roll angle -11.3837938832669.
root - INFO - Frame 703: Aruco ID 1 detected with distance 2.303623554584924, yaw angle -1.6492178142050022, pitch angle 86.90291664168466, roll angle -9.034171213085928.
root - INFO - Frame 704: Aruco ID 1 detected with distance 2.3207240568461156, yaw angle -1.650135194956249, pitch angle 89.80754564217148, roll angle 0.5168838960918057.
root - INFO - Frame 705: Aruco ID 1 detected with distance 2.28203740495547, yaw angle -1.6399412956604351, pitch angle 87.77330921214576, roll angle -6.026856157830098.
root - INFO - Frame 706: Aruco ID 1 detected with distance 2.309722080296848, yaw angle -1.6314867080120905, pitch angle 87.81352079882923, roll angle 4.588485880788413.
root - INFO - Frame 707: Aruco ID 1 detected with distance 2.3044247181918887, yaw angle -1.649237110455772, pitch angle 86.95198217786438, roll angle -8.75772565278994.
root - INFO - Frame 708: Aruco ID 1 detected with distance 2.3101424529145644, yaw angle -1.6314484233297435, pitch angle 87.81520464422192, roll angle 4.5731684950119575.
root - INFO - Frame 709: Aruco ID 1 detected with distance 2.3187149579608697, yaw angle -1.631055477265562, pitch angle 87.86760149304318, roll angle 1.0754164880049353.
root - INFO - Frame 710: Aruco ID 1 detected with distance 2.282727767762515, yaw angle -1.6509974838355959, pitch angle 85.98881262390078, roll angle 9.822271466857467.
root - INFO - Frame 711: Aruco ID 1 detected with distance 2.281660059437395, yaw angle -1.639976046266412, pitch angle 87.77092247274271, roll angle -6.041469948135521.
root - INFO - Frame 712: Aruco ID 1 detected with distance 2.3992900108845334, yaw angle -1.6409015000159286, pitch angle 88.94314409325864, roll angle -1.705519851872207.
root - INFO - Frame 713: Aruco ID 1 detected with distance 2.3992900108845334, yaw angle -1.6409015000159286, pitch angle 88.94314409325864, roll angle -1.705519851872207.
root - INFO - Frame 714: Aruco ID 1 detected with distance 2.28169929277095, yaw angle -1.640851526450831, pitch angle 88.86652591066358, roll angle 3.122426471514237.
root - INFO - Frame 715: Aruco ID 1 detected with distance 2.2451075275442838, yaw angle -1.62251409993749, pitch angle 87.00892347225754, roll angle 10.51761840446046.
root - INFO - Frame 716: Aruco ID 1 detected with distance 2.2818481581857166, yaw angle -1.6399587312936887, pitch angle 87.77211797742399, roll angle -6.034163769622692.
root - INFO - Frame 717: Aruco ID 1 detected with distance 2.3101424529145644, yaw angle -1.6314484233297435, pitch angle 87.81520464422192, roll angle 4.5731684950119575.
root - INFO - Frame 718: Aruco ID 1 detected with distance 2.2594885327549408, yaw angle -1.6395444237742538, pitch angle 84.17412919335594, roll angle -10.679197968116481.
root - INFO - Frame 719: Aruco ID 1 detected with distance 2.279337838829047, yaw angle -1.6209394168115523, pitch angle 85.98384252562369, roll angle -6.201162901632798.
root - INFO - Frame 720: Aruco ID 1 detected with distance 2.3992900108845334, yaw angle -1.6409015000159286, pitch angle 88.94314409325864, roll angle -1.705519851872207.
root - INFO - Frame 721: Aruco ID 1 detected with distance 2.3992900108845334, yaw angle -1.6409015000159286, pitch angle 88.94314409325864, roll angle -1.705519851872207.
root - INFO - Frame 722: Aruco ID 1 detected with distance 2.268767086088267, yaw angle -1.6205690285640912, pitch angle 86.05992016990645, roll angle -9.138543418788082.
root - INFO - Frame 723: Aruco ID 1 detected with distance 2.3992900108845334, yaw angle -1.6409015000159286, pitch angle 88.94314409325864, roll angle -1.705519851872207.
root - INFO - Frame 724: Aruco ID 1 detected with distance 2.3992900108845334, yaw angle -1.6409015000159286, pitch angle 88.94314409325864, roll angle -1.705519851872207.
root - INFO - Frame 725: Aruco ID 1 detected with distance 2.2503781307404416, yaw angle -1.630971866820886, pitch angle 86.70782683116293, roll angle -1.6800806573691172.
root - INFO - Frame 726: Aruco ID 1 detected with distance 2.3145970433347993, yaw angle -1.6307062183566927, pitch angle 85.14157372754428, roll angle -4.080350106389277.
root - INFO - Frame 727: Aruco ID 1 detected with distance 2.3145970433347993, yaw angle -1.6307062183566927, pitch angle 85.14157372754428, roll angle -4.080350106389277.
root - INFO - Frame 728: Aruco ID 1 detected with distance 2.286813047980426, yaw angle -1.6405044182216955, pitch angle 87.77951818625169, roll angle -1.280548065115541.
root - INFO - Frame 729: Aruco ID 1 detected with distance 2.2503781307404416, yaw angle -1.630971866820886, pitch angle 86.70782683116293, roll angle -1.6800806573691172.
root - INFO - Frame 730: Aruco ID 1 detected with distance 2.3145970433347993, yaw angle -1.6307062183566927, pitch angle 85.14157372754428, roll angle -4.080350106389277.
root - INFO - Frame 731: Aruco ID 1 detected with distance 2.2411622231534443, yaw angle -1.6302411895931357, pitch angle 86.81014929821107, roll angle -7.814598117323827.
root - INFO - Frame 732: Aruco ID 1 detected with distance 2.283790809720539, yaw angle -1.629784816070952, pitch angle 85.23735143545767, roll angle -12.071533573440776.
root - INFO - Frame 733: Aruco ID 1 detected with distance 2.28203740495547, yaw angle -1.6399412956604351, pitch angle 87.77330921214576, roll angle -6.026856157830098.
root - INFO - Frame 734: Aruco ID 1 detected with distance 2.306610525413621, yaw angle -1.6302812534943598, pitch angle 85.22857479843552, roll angle -7.501368754739724.
root - INFO - Frame 735: Aruco ID 1 detected with distance 2.2457179881748712, yaw angle -1.6304196322286373, pitch angle 86.89299806225182, roll angle -6.181340697799489.
root - INFO - Frame 736: Aruco ID 1 detected with distance 2.268767086088267, yaw angle -1.6205690285640912, pitch angle 86.05992016990645, roll angle -9.138543418788082.
root - INFO - Frame 737: Aruco ID 1 detected with distance 2.279524457038675, yaw angle -1.620922228764016, pitch angle 85.98522563660481, roll angle -6.19325377998746.
root - INFO - Frame 738: Aruco ID 1 detected with distance 2.279524457038675, yaw angle -1.620922228764016, pitch angle 85.98522563660481, roll angle -6.19325377998746.
root - INFO - Frame 739: Aruco ID 1 detected with distance 2.250400119518826, yaw angle -1.630757574534897, pitch angle 86.87253792519996, roll angle -3.42780816933801.
root - INFO - Frame 740: Aruco ID 1 detected with distance 2.275299934676749, yaw angle -1.6207564951342874, pitch angle 86.21574169819709, roll angle -7.221426085143652.
root - INFO - Frame 741: Aruco ID 1 detected with distance 2.3101424529145644, yaw angle -1.6314484233297435, pitch angle 87.81520464422192, roll angle 4.5731684950119575.
root - INFO - Frame 742: Aruco ID 1 detected with distance 2.3101424529145644, yaw angle -1.6314484233297435, pitch angle 87.81520464422192, roll angle 4.5731684950119575.
root - INFO - Frame 743: Aruco ID 1 detected with distance 2.277316117523757, yaw angle -1.6400052399932008, pitch angle 85.96717869277818, roll angle -6.191619626290228.
root - INFO - Frame 744: Aruco ID 1 detected with distance 2.282629016135153, yaw angle -1.6297656037086767, pitch angle 85.19314233703604, roll angle -12.344193579080333.
root - INFO - Frame 745: Aruco ID 1 detected with distance 2.3101424529145644, yaw angle -1.6314484233297435, pitch angle 87.81520464422192, roll angle 4.5731684950119575.
root - INFO - Frame 746: Aruco ID 1 detected with distance 2.2860889409326433, yaw angle -1.6488256626265922, pitch angle 87.00120875646243, roll angle -11.981718900604296.
root - INFO - Frame 747: Aruco ID 1 detected with distance 2.303832214108901, yaw angle -1.6316093729570298, pitch angle 87.89352523698379, roll angle 6.11433391778662.
root - INFO - Frame 748: Aruco ID 1 detected with distance 2.2518604443322907, yaw angle -1.6310551369290351, pitch angle 89.89750508747431, roll angle 0.2661820018761223.
root - INFO - Frame 749: Aruco ID 1 detected with distance 2.2411622231534443, yaw angle -1.6302411895931357, pitch angle 86.81014929821107, roll angle -7.814598117323827.
root - INFO - Frame 750: Aruco ID 1 detected with distance 2.4177025043785556, yaw angle -1.6508768816218833, pitch angle 87.3951502808868, roll angle 2.1232080679473393.
root - INFO - Frame 751: Aruco ID 1 detected with distance 2.282727767762515, yaw angle -1.6509974838355959, pitch angle 85.98881262390078, roll angle 9.822271466857467.
root - INFO - Frame 752: Aruco ID 1 detected with distance 2.2818481581857166, yaw angle -1.6399587312936887, pitch angle 87.77211797742399, roll angle -6.034163769622692.
root - INFO - Frame 753: Aruco ID 1 detected with distance 2.2520153738272644, yaw angle -1.6310300050830904, pitch angle 89.94865221056298, roll angle 0.06362488794385739.
root - INFO - Frame 754: Aruco ID 1 detected with distance 2.3010498854230113, yaw angle -1.6506295592953393, pitch angle 85.97225454632563, roll angle 6.6161623185820195.
root - INFO - Frame 755: Aruco ID 1 detected with distance 2.3257164181267944, yaw angle -1.64140829334292, pitch angle 86.84693098310186, roll angle 8.695570842588932.
root - INFO - Frame 756: Aruco ID 1 detected with distance 2.2818481581857166, yaw angle -1.6399587312936887, pitch angle 87.77211797742399, roll angle -6.034163769622692.
root - INFO - Frame 757: Aruco ID 1 detected with distance 2.3040450319553467, yaw angle -1.6315903043793583, pitch angle 87.89420967497917, roll angle 6.108165017993855.
root - INFO - Frame 758: Aruco ID 1 detected with distance 2.2031403803904643, yaw angle -1.6511586296302596, pitch angle 86.12263565722701, roll angle 11.577071029927748.
root - INFO - Frame 759: Aruco ID 1 detected with distance 2.2609889411548267, yaw angle -1.6412497368501704, pitch angle 87.00323734269631, roll angle 7.7130693861779624.
root - INFO - Frame 760: Aruco ID 1 detected with distance 2.3114893820817883, yaw angle -1.65054490362715, pitch angle 89.71460976737765, roll angle 4.078097028930453.
root - INFO - Frame 761: Aruco ID 1 detected with distance 2.297062640613009, yaw angle -1.6389757174650583, pitch angle 86.25950160943147, roll angle -14.897841740389625.
root - INFO - Frame 762: Aruco ID 1 detected with distance 2.303832214108901, yaw angle -1.6316093729570298, pitch angle 87.89352523698379, roll angle 6.11433391778662.
root - INFO - Frame 763: Aruco ID 1 detected with distance 2.282727767762515, yaw angle -1.6509974838355959, pitch angle 85.98881262390078, roll angle 9.822271466857467.
root - INFO - Frame 764: Aruco ID 1 detected with distance 2.2860889409326433, yaw angle -1.6488256626265922, pitch angle 87.00120875646243, roll angle -11.981718900604296.
root - INFO - Frame 765: Aruco ID 1 detected with distance 2.297062640613009, yaw angle -1.6389757174650583, pitch angle 86.25950160943147, roll angle -14.897841740389625.
root - INFO - Frame 766: Aruco ID 1 detected with distance 2.3017047901405285, yaw angle -1.6506655968791506, pitch angle 87.89527002851725, roll angle 6.069332703247963.
root - INFO - Frame 767: Aruco ID 1 detected with distance 2.3457493196904773, yaw angle -1.6409917276692738, pitch angle 88.76418715531113, roll angle 4.201291112144847.
root - INFO - Frame 768: Aruco ID 1 detected with distance 2.2818481581857166, yaw angle -1.6399587312936887, pitch angle 87.77211797742399, roll angle -6.034163769622692.
root - INFO - Frame 769: Aruco ID 1 detected with distance 2.2858134310562446, yaw angle -1.6319441816142728, pitch angle 87.92341101349061, roll angle 9.100705453750148.
root - INFO - Frame 770: Aruco ID 1 detected with distance 2.2858134310562446, yaw angle -1.6319441816142728, pitch angle 87.92341101349061, roll angle 9.100705453750148.
root - INFO - Frame 771: Aruco ID 1 detected with distance 2.325590828161582, yaw angle -1.6393946789918914, pitch angle 86.1632526136049, roll angle -11.355934529366369.
root - INFO - Frame 772: Aruco ID 1 detected with distance 2.3457604508361767, yaw angle -1.6398680814391753, pitch angle 86.09380824683151, roll angle -7.369772440155193.
root - INFO - Frame 773: Aruco ID 1 detected with distance 2.2609889411548267, yaw angle -1.6412497368501704, pitch angle 87.00323734269631, roll angle 7.7130693861779624.
root - INFO - Frame 774: Aruco ID 1 detected with distance 2.3257164181267944, yaw angle -1.64140829334292, pitch angle 86.84693098310186, roll angle 8.695570842588932.
root - INFO - Frame 775: Aruco ID 1 detected with distance 2.282727767762515, yaw angle -1.6509974838355959, pitch angle 85.98881262390078, roll angle 9.822271466857467.
root - INFO - Frame 776: Aruco ID 1 detected with distance 2.282727767762515, yaw angle -1.6509974838355959, pitch angle 85.98881262390078, roll angle 9.822271466857467.
root - INFO - Frame 777: Aruco ID 1 detected with distance 2.268257238095188, yaw angle -1.6221356655634906, pitch angle 88.85159701173238, roll angle 5.912966737435454.
root - INFO - Frame 778: Aruco ID 1 detected with distance 2.2404343902619637, yaw angle -1.6124529174951476, pitch angle 88.00250284664088, roll angle 4.878190365231274.
root - INFO - Frame 779: Aruco ID 1 detected with distance 2.2851400111284805, yaw angle -1.5262907194786806, pitch angle 88.85565257725015, roll angle 0.6756404200619924.
root - INFO - Frame 780: Aruco ID 1 detected with distance 2.2793452365504216, yaw angle -1.3160490701970957, pitch angle 85.85864899585177, roll angle -5.530372029831946.
root - INFO - Frame 958: Aruco ID 37 detected with distance 5.249028432808731, yaw angle 9.152527829630714, pitch angle 56.5451893523177, roll angle -55.963397989206165.
root - INFO - Live video processing ended.
root - INFO - CSV file closed.
